<?xml version="1.0" encoding="UTF-8"?>
<testng-results ignored="0" total="1" passed="1" failed="0" skipped="0">
  <reporter-output>
  </reporter-output>
  <suite started-at="2023-12-23T19:39:30 IST" name="Surefire suite" finished-at="2023-12-23T19:39:47 IST" duration-ms="17038">
    <groups>
    </groups>
    <test started-at="2023-12-23T19:39:30 IST" name="Surefire test" finished-at="2023-12-23T19:39:47 IST" duration-ms="17038">
      <class name="com.inetBanking.testCases.TC_RegisterTest$LoginRegisterTest">
        <test-method is-config="true" signature="setup()[pri:0, instance:com.inetBanking.testCases.TC_RegisterTest$LoginRegisterTest@79ad8b2f]" started-at="2023-12-23T19:39:30 IST" name="setup" finished-at="2023-12-23T19:39:42 IST" duration-ms="11643" status="PASS">
          <reporter-output>
          </reporter-output>
        </test-method> <!-- setup -->
        <test-method signature="registerTest()[pri:0, instance:com.inetBanking.testCases.TC_RegisterTest$LoginRegisterTest@79ad8b2f]" started-at="2023-12-23T19:39:42 IST" name="registerTest" finished-at="2023-12-23T19:39:46 IST" duration-ms="4692" status="PASS">
          <reporter-output>
          </reporter-output>
        </test-method> <!-- registerTest -->
        <test-method is-config="true" signature="tearDown()[pri:0, instance:com.inetBanking.testCases.TC_RegisterTest$LoginRegisterTest@79ad8b2f]" started-at="2023-12-23T19:39:46 IST" name="tearDown" finished-at="2023-12-23T19:39:47 IST" duration-ms="664" status="PASS">
          <reporter-output>
          </reporter-output>
        </test-method> <!-- tearDown -->
      </class> <!-- com.inetBanking.testCases.TC_RegisterTest$LoginRegisterTest -->
    </test> <!-- Surefire test -->
  </suite> <!-- Surefire suite -->
</testng-results>
