<?xml version="1.0" encoding="UTF-8"?>
<testng-results ignored="0" total="1" passed="1" failed="0" skipped="0">
  <reporter-output>
  </reporter-output>
  <suite started-at="2024-04-09T15:03:25 IST" name="Default suite" finished-at="2024-04-09T15:03:33 IST" duration-ms="8415">
    <groups>
    </groups>
    <test started-at="2024-04-09T15:03:25 IST" name="Default test" finished-at="2024-04-09T15:03:33 IST" duration-ms="8415">
      <class name="com.inetBanking.testCases.TC_RegisterTest$LoginRegisterTest">
        <test-method is-config="true" signature="setup()[pri:0, instance:com.inetBanking.testCases.TC_RegisterTest$LoginRegisterTest@5c5eefef]" started-at="2024-04-09T15:03:25 IST" name="setup" finished-at="2024-04-09T15:03:29 IST" duration-ms="4495" status="PASS">
          <reporter-output>
          </reporter-output>
        </test-method> <!-- setup -->
        <test-method signature="registerTest()[pri:0, instance:com.inetBanking.testCases.TC_RegisterTest$LoginRegisterTest@5c5eefef]" started-at="2024-04-09T15:03:29 IST" name="registerTest" finished-at="2024-04-09T15:03:33 IST" duration-ms="3473" status="PASS">
          <reporter-output>
          </reporter-output>
        </test-method> <!-- registerTest -->
        <test-method is-config="true" signature="tearDown()[pri:0, instance:com.inetBanking.testCases.TC_RegisterTest$LoginRegisterTest@5c5eefef]" started-at="2024-04-09T15:03:33 IST" name="tearDown" finished-at="2024-04-09T15:03:33 IST" duration-ms="405" status="PASS">
          <reporter-output>
          </reporter-output>
        </test-method> <!-- tearDown -->
      </class> <!-- com.inetBanking.testCases.TC_RegisterTest$LoginRegisterTest -->
    </test> <!-- Default test -->
  </suite> <!-- Default suite -->
</testng-results>
